2020-02-26 21:29:06 INFO  - DAO initialized
2020-03-02 12:01:05 INFO  - DAO initialized
2020-03-02 12:01:05 ERROR - IOException occured
2020-03-02 12:06:53 INFO  - DAO initialized
2020-03-02 12:09:28 INFO  - DAO initialized
2020-03-02 12:11:25 INFO  - DAO initialized
2020-03-02 12:14:07 INFO  - DAO initialized
2020-03-02 12:17:53 INFO  - DAO initialized
2020-03-02 12:17:54 INFO  - NSR-107 was returned
2020-03-02 12:23:22 INFO  - DAO initialized
2020-03-02 12:23:23 INFO  - NSR-107 was returned
2020-03-02 12:24:49 INFO  - DAO initialized
2020-03-02 12:24:49 INFO  - NSR-107 was returned
2020-03-02 12:29:41 INFO  - DAO initialized
2020-03-02 12:29:50 INFO  - DAO initialized
2020-03-02 12:30:50 INFO  - DAO initialized
2020-03-02 12:30:58 INFO  - DAO initialized
2020-03-02 12:35:18 INFO  - DAO initialized
2020-03-02 12:38:25 INFO  - DAO initialized
2020-03-02 12:38:26 ERROR - IOException occured
2020-03-02 12:40:48 INFO  - DAO initialized
2020-03-02 12:42:17 INFO  - DAO initialized
2020-03-02 12:42:17 INFO  - NSR-107 was returned
2020-03-02 12:43:22 INFO  - DAO initialized
2020-03-02 12:48:00 INFO  - DAO initialized
2020-03-02 12:48:07 INFO  - NSR-107 was returned
2020-03-02 12:55:48 INFO  - NSR-107 was returned
2020-03-02 12:57:44 INFO  - NSR-107 was returned
2020-03-02 12:57:45 INFO  - NSR-107 was returned
2020-03-02 13:01:00 INFO  - NSR-107 was returned
2020-03-02 13:01:18 INFO  - NSR-107 was returned
2020-03-02 13:01:43 INFO  - NSR-107 was returned
2020-03-02 13:02:15 INFO  - NSR-107 was returned
2020-03-02 13:02:54 INFO  - NSR-107 was returned
2020-03-02 13:02:55 INFO  - NSR-107 was returned
2020-03-02 13:04:13 INFO  - NSR-107 was returned
2020-03-02 13:04:36 INFO  - NSR-107 was returned
2020-03-02 13:05:02 INFO  - NSR-107 was returned
2020-03-02 13:05:58 INFO  - NSR-107 was returned
2020-03-02 13:06:12 INFO  - NSR-107 was returned
2020-03-02 13:06:53 INFO  - NSR-107 was returned
2020-03-03 10:08:21 INFO  - DAO initialized
2020-03-03 10:08:22 INFO  - NSR-107 was returned
2020-03-03 10:16:08 INFO  - DAO initialized
2020-03-03 10:16:08 INFO  - NSR-107 was returned
2020-03-03 10:17:43 INFO  - DAO initialized
2020-03-03 10:17:43 INFO  - NSR-107 was returned
2020-03-03 10:18:30 INFO  - DAO initialized
2020-03-03 10:18:31 INFO  - NSR-107 was returned
2020-03-03 10:18:46 INFO  - DAO initialized
2020-03-03 10:18:46 INFO  - NSR-107 was returned
2020-03-03 10:58:09 INFO  - DAO initialized
2020-03-03 10:58:25 ERROR - NSR-106 was not found in the database
2020-03-04 18:48:33 INFO  - DAO initialized
2020-03-05 14:17:17 INFO  - DAO initialized
2020-03-05 14:17:18 INFO  - NSR-107 was returned
2020-03-05 14:17:40 INFO  - DAO initialized
2020-03-05 14:17:40 INFO  - NSR-107 was returned
2020-03-05 14:19:10 INFO  - DAO initialized
2020-03-05 14:19:10 INFO  - NSR-107 was returned
2020-03-05 14:27:37 INFO  - DAO initialized
2020-03-05 14:27:38 INFO  - NSR-107 was returned
2020-03-05 14:30:08 INFO  - DAO initialized
2020-03-05 14:30:08 INFO  - NSR-107 was returned
2020-03-05 14:30:38 INFO  - DAO initialized
2020-03-05 14:30:39 INFO  - NSR-107 was returned
2020-03-07 19:18:05 INFO  - DAO initialized
2020-03-07 19:18:58 INFO  - DAO initialized
2020-03-07 19:19:16 INFO  - DAO initialized
2020-03-07 19:19:37 INFO  - DAO initialized
2020-03-07 19:24:23 INFO  - DAO initialized
2020-03-07 19:25:09 INFO  - DAO initialized
2020-03-07 19:25:54 INFO  - DAO initialized
2020-03-07 19:28:41 INFO  - DAO initialized
2020-03-07 19:29:24 INFO  - DAO initialized
2020-03-07 19:29:35 INFO  - DAO initialized
2020-03-07 19:30:10 INFO  - DAO initialized
2020-03-07 19:30:54 INFO  - DAO initialized
2020-03-07 19:32:18 INFO  - DAO initialized
2020-03-07 19:32:53 INFO  - DAO initialized
2020-03-07 19:34:09 INFO  - DAO initialized
2020-03-07 19:34:48 INFO  - DAO initialized
2020-03-07 19:35:37 INFO  - DAO initialized
2020-03-07 19:36:08 INFO  - DAO initialized
2020-03-07 19:36:47 INFO  - DAO initialized
2020-03-07 19:37:35 INFO  - DAO initialized
2020-03-07 19:39:52 INFO  - DAO initialized
2020-03-07 19:40:48 INFO  - DAO initialized
2020-03-07 19:48:10 INFO  - DAO initialized
2020-03-08 12:12:06 INFO  - DAO initialized
2020-03-08 12:12:07 ERROR - NSR-107 was not found in the database
2020-03-08 12:13:03 INFO  - DAO initialized
2020-03-08 12:13:03 ERROR - NSR-107 was not found in the database
2020-03-08 12:13:44 INFO  - DAO initialized
2020-03-08 12:14:32 INFO  - DAO initialized
2020-03-08 12:30:21 INFO  - DAO initialized
2020-03-08 12:30:46 INFO  - DAO initialized
2020-03-08 12:55:21 INFO  - DAO initialized
2020-03-08 12:59:58 INFO  - DAO initialized
2020-03-08 12:59:58 ERROR - JSONException occured
2020-03-08 13:02:15 INFO  - DAO initialized
2020-03-08 13:02:15 ERROR - IOException occured
2020-03-08 13:03:58 INFO  - DAO initialized
2020-03-08 13:03:58 ERROR - IOException occured
2020-03-08 13:05:09 INFO  - DAO initialized
2020-03-08 13:05:09 ERROR - IOException occured
2020-03-08 13:06:18 INFO  - DAO initialized
2020-03-08 13:06:18 ERROR - IOException occured
2020-03-08 13:06:19 ERROR - null was not found in the database
2020-03-08 13:08:06 INFO  - DAO initialized
2020-03-08 13:08:06 ERROR - JSONException occured
2020-03-08 13:08:06 ERROR - null was not found in the database
2020-03-08 13:09:42 INFO  - DAO initialized
2020-03-08 13:09:42 ERROR - JSONException occured
2020-03-08 13:09:43 ERROR - null was not found in the database
2020-03-08 13:11:22 INFO  - DAO initialized
2020-03-08 13:11:22 ERROR - JSONException occured
2020-03-08 13:11:22 ERROR - null was not found in the database
2020-03-08 13:15:21 INFO  - DAO initialized
2020-03-08 13:15:21 ERROR - JSONException occured
2020-03-08 13:15:22 ERROR - null was not found in the database
2020-03-08 13:16:03 INFO  - DAO initialized
2020-03-08 13:16:03 ERROR - JSONException occured
2020-03-08 13:16:03 ERROR - null was not found in the database
2020-03-08 13:17:31 INFO  - DAO initialized
2020-03-08 13:17:31 ERROR - JSONException occured
2020-03-08 13:17:32 ERROR - null was not found in the database
2020-03-08 13:20:53 INFO  - DAO initialized
2020-03-08 13:20:53 ERROR - JSONException occured
2020-03-08 13:20:54 ERROR - null was not found in the database
2020-03-08 13:24:01 INFO  - DAO initialized
2020-03-08 13:24:01 ERROR - JSONException occured
2020-03-08 13:24:02 ERROR - null was not found in the database
2020-03-08 13:27:48 INFO  - DAO initialized
2020-03-08 13:27:48 ERROR - IOException occured
2020-03-08 13:27:48 ERROR - null was not found in the database
2020-03-08 13:29:09 INFO  - DAO initialized
2020-03-08 13:29:09 ERROR - IOException occured
2020-03-08 13:29:10 ERROR - null was not found in the database
2020-03-08 13:29:34 INFO  - DAO initialized
2020-03-08 13:29:34 ERROR - NNN-999 was not found in the database
2020-03-08 13:30:20 INFO  - DAO initialized
2020-03-08 13:30:21 ERROR - NNN-999 was not found in the database
2020-03-08 16:48:21 INFO  - DAO initialized
2020-03-08 16:48:22 INFO  - NNN-999 was returned
2020-03-08 16:48:55 INFO  - DAO initialized
2020-03-08 16:48:56 ERROR - NNM-999 was not found in the database
2020-03-08 16:58:44 INFO  - DAO initialized
2020-03-08 17:00:38 INFO  - DAO initialized
2020-03-08 17:00:38 ERROR - MNS-128 was not found in the database
2020-03-08 17:01:02 INFO  - DAO initialized
2020-03-08 17:01:02 INFO  - NNN-999 was returned
2020-03-08 17:03:37 INFO  - DAO initialized
2020-03-08 17:03:37 ERROR - NNN-999 was not found in the database
2020-03-08 17:03:52 INFO  - DAO initialized
2020-03-08 17:06:05 INFO  - DAO initialized
2020-03-08 17:06:41 INFO  - DAO initialized
2020-03-08 17:06:41 ERROR - NNM-999 was not found in the database
2020-03-08 17:07:03 INFO  - DAO initialized
2020-03-08 17:08:42 INFO  - DAO initialized
2020-03-08 17:10:22 INFO  - DAO initialized
2020-03-08 17:10:30 INFO  - NSR-107 was returned
2020-03-08 17:17:33 INFO  - DAO initialized
2020-03-08 18:30:41 INFO  - DAO initialized
2020-03-08 18:30:58 INFO  - NNM-999 was returned
2020-03-14 16:24:38 INFO  - DAO initialized
2020-03-14 16:24:51 INFO  - DAO initialized
2020-03-14 16:26:44 INFO  - DAO initialized
2020-03-14 16:33:40 INFO  - DAO initialized
2020-03-14 16:34:00 INFO  - DAO initialized
2020-03-14 16:34:14 INFO  - DAO initialized
2020-03-14 16:39:27 INFO  - DAO initialized
2020-03-14 18:21:02 INFO  - DAO initialized
2020-03-14 18:21:25 INFO  - DAO initialized
2020-03-14 18:26:45 INFO  - DAO initialized
2020-03-14 18:27:17 INFO  - DAO initialized
2020-03-14 18:27:47 INFO  - DAO initialized
2020-03-14 18:28:37 INFO  - DAO initialized
2020-03-14 18:30:09 INFO  - DAO initialized
2020-03-14 18:32:14 INFO  - DAO initialized
2020-03-14 18:32:31 INFO  - DAO initialized
2020-03-14 18:32:58 INFO  - DAO initialized
2020-03-14 18:33:04 INFO  - DAO initialized
2020-03-14 18:33:28 INFO  - DAO initialized
2020-03-14 18:33:29 INFO  - DAO initialized
2020-03-14 18:37:16 INFO  - DAO initialized
2020-03-14 18:37:17 INFO  - DAO initialized
2020-03-14 21:34:29 INFO  - DAO initialized
2020-03-14 21:36:54 INFO  - DAO initialized
2020-03-14 21:38:03 INFO  - DAO initialized
2020-03-14 21:39:12 INFO  - DAO initialized
2020-03-14 21:40:07 INFO  - DAO initialized
2020-03-14 21:40:35 INFO  - DAO initialized
2020-03-14 21:43:32 INFO  - DAO initialized
2020-03-14 21:45:26 INFO  - DAO initialized
2020-03-14 21:45:44 INFO  - DAO initialized
2020-03-14 21:47:43 INFO  - DAO initialized
2020-03-14 21:48:15 INFO  - DAO initialized
2020-03-14 21:48:58 INFO  - DAO initialized
2020-03-14 21:49:27 INFO  - DAO initialized
2020-03-14 21:50:02 INFO  - DAO initialized
2020-03-14 21:50:24 INFO  - DAO initialized
2020-03-14 21:51:08 INFO  - DAO initialized
2020-03-14 21:51:24 INFO  - DAO initialized
2020-03-14 21:51:34 INFO  - DAO initialized
2020-03-14 21:54:06 INFO  - DAO initialized
2020-03-14 21:54:39 INFO  - DAO initialized
2020-03-14 21:55:14 INFO  - DAO initialized
2020-03-16 16:33:30 INFO  - DAO initialized
2020-03-16 16:34:10 INFO  - DAO initialized
2020-03-16 16:35:50 INFO  - DAO initialized
2020-03-16 16:37:03 INFO  - DAO initialized
2020-03-16 16:39:11 INFO  - DAO initialized
2020-03-16 16:41:20 INFO  - DAO initialized
2020-03-16 16:43:25 INFO  - DAO initialized
2020-03-16 16:43:50 INFO  - DAO initialized
2020-03-16 16:49:14 INFO  - DAO initialized
2020-03-16 16:50:15 INFO  - DAO initialized
2020-03-16 16:51:58 INFO  - DAO initialized
2020-03-16 16:53:56 INFO  - DAO initialized
2020-03-16 16:57:51 INFO  - DAO initialized
2020-03-16 16:58:51 INFO  - DAO initialized
2020-03-16 17:00:18 INFO  - DAO initialized
2020-03-16 17:01:12 INFO  - DAO initialized
2020-03-16 17:03:11 INFO  - DAO initialized
2020-03-16 17:03:55 INFO  - DAO initialized
2020-03-16 17:05:28 INFO  - DAO initialized
2020-03-16 17:08:54 INFO  - DAO initialized
2020-03-16 17:09:19 INFO  - DAO initialized
2020-03-16 17:14:53 INFO  - DAO initialized
2020-03-16 17:15:08 INFO  - DAO initialized
2020-03-16 17:19:12 INFO  - DAO initialized
2020-03-16 17:19:49 INFO  - DAO initialized
2020-03-16 17:24:11 INFO  - DAO initialized
2020-03-16 17:26:28 INFO  - DAO initialized
2020-03-16 17:54:59 INFO  - DAO initialized
2020-03-16 17:58:39 INFO  - DAO initialized
2020-03-16 17:59:10 INFO  - DAO initialized
2020-03-16 17:59:46 INFO  - DAO initialized
2020-03-16 18:00:00 INFO  - DAO initialized
2020-03-16 18:00:15 INFO  - DAO initialized
2020-03-16 18:01:36 INFO  - DAO initialized
2020-03-16 18:03:06 INFO  - DAO initialized
2020-03-16 18:03:55 INFO  - DAO initialized
2020-03-16 18:04:20 INFO  - DAO initialized
2020-03-16 18:06:03 INFO  - DAO initialized
2020-03-17 14:30:37 INFO  - DAO initialized
2020-03-17 14:36:03 INFO  - DAO initialized
2020-03-17 14:38:03 INFO  - DAO initialized
2020-03-17 14:39:33 INFO  - DAO initialized
2020-03-17 14:41:01 INFO  - DAO initialized
2020-03-17 14:41:52 INFO  - DAO initialized
2020-03-17 14:42:35 INFO  - DAO initialized
2020-03-17 14:43:15 INFO  - DAO initialized
2020-03-17 14:43:51 INFO  - DAO initialized
2020-03-17 15:04:16 INFO  - DAO initialized
2020-03-17 17:06:44 INFO  - DAO initialized
2020-03-17 17:46:23 INFO  - DAO initialized
2020-03-17 19:16:54 INFO  - DAO initialized
2020-03-17 19:56:18 INFO  - DAO initialized
2020-03-17 20:02:11 INFO  - DAO initialized
2020-03-17 20:03:59 INFO  - DAO initialized
2020-03-18 10:43:56 INFO  - DAO initialized
2020-03-18 14:54:35 INFO  - DAO initialized
2020-03-18 15:20:15 INFO  - DAO initialized
2020-03-18 17:00:56 INFO  - DAO initialized
