2020-02-26 21:29:13 INFO  - MNN-971 was specified as racecar
2020-02-26 21:29:34 INFO  - MNN-971 was specified as racecar
2020-03-07 19:18:05 INFO  - New car was inserted with a title MNS-128
2020-03-07 19:19:37 INFO  - New car was inserted with a title MNS-128
2020-03-07 19:24:23 INFO  - New car was inserted with a title MNS-128
2020-03-07 19:25:09 INFO  - New car was inserted with a title MNS-128
2020-03-07 19:25:54 INFO  - New car was inserted with a title MNS-128
2020-03-07 19:28:41 INFO  - New car was inserted with a title MNS-128
2020-03-07 19:29:24 INFO  - New car was inserted with a title MNS-128
2020-03-07 19:29:35 INFO  - New car was inserted with a title MNS-128
2020-03-07 19:30:10 INFO  - New car was inserted with a title MNS-128
2020-03-07 19:30:54 INFO  - New car was inserted with a title MNS-128
2020-03-07 19:32:18 INFO  - New car was inserted with a title MNS-128
2020-03-07 19:32:53 INFO  - New car was inserted with a title MNS-128
2020-03-07 19:34:09 INFO  - New car was inserted with a title MNS-128
2020-03-07 19:34:48 INFO  - New car was inserted with a title MNS-128
2020-03-07 19:35:37 INFO  - New car was inserted with a title MNS-128
2020-03-07 19:36:08 INFO  - New car was inserted with a title MNS-128
2020-03-07 19:36:47 INFO  - New car was inserted with a title MNS-128
2020-03-07 19:37:35 INFO  - New car was inserted with a title MNS-128
2020-03-07 19:39:52 INFO  - New car was inserted with a title MNS-128
2020-03-07 19:40:48 INFO  - New car was inserted with a title MNS-128
2020-03-07 19:48:10 INFO  - New car was inserted with a title MNS-128
2020-03-08 12:13:44 INFO  - New car was inserted with a title MNS-128
2020-03-08 12:59:58 INFO  - New car was inserted with a title NNN-999
2020-03-08 13:02:15 INFO  - New car was inserted with a title NNN-999
2020-03-08 13:03:58 INFO  - New car was inserted with a title NNN-999
2020-03-08 13:05:09 INFO  - New car was inserted with a title NNN-999
2020-03-08 13:06:18 INFO  - New car was inserted with a title NNN-999
2020-03-08 13:08:06 INFO  - New car was inserted with a title NNN-999
2020-03-08 13:09:42 INFO  - New car was inserted with a title NNN-999
2020-03-08 13:11:22 INFO  - New car was inserted with a title NNN-999
2020-03-08 13:15:21 INFO  - New car was inserted with a title NNN-999
2020-03-08 13:16:03 INFO  - New car was inserted with a title NNN-999
2020-03-08 13:17:31 INFO  - New car was inserted with a title NNN-999
2020-03-08 13:20:53 INFO  - New car was inserted with a title NNN-999
2020-03-08 13:24:01 INFO  - New car was inserted with a title NNN-999
2020-03-08 13:27:48 INFO  - New car was inserted with a title NNN-999
2020-03-08 13:29:09 INFO  - New car was inserted with a title NNN-999
2020-03-08 13:29:34 INFO  - New car was inserted with a title NNN-999
2020-03-08 13:30:20 INFO  - New car was inserted with a title NNN-999
2020-03-08 16:48:21 INFO  - New car was inserted with a title NNN-999
2020-03-08 16:48:55 INFO  - New car was inserted with a title NNM-999
2020-03-08 17:06:41 INFO  - New car was inserted with a title NNM-999
2020-03-14 21:34:29 INFO  - New car was inserted with a title NNN-888
2020-03-14 21:36:54 INFO  - New car was inserted with a title NNN-888
2020-03-14 21:38:03 INFO  - New car was inserted with a title NNN-888
2020-03-14 21:39:12 INFO  - New car was inserted with a title NNN-888
2020-03-14 21:40:07 INFO  - New car was inserted with a title NMN-888
2020-03-14 21:40:35 INFO  - New car was inserted with a title JMN-888
2020-03-14 21:43:32 INFO  - New car was inserted with a title JMN-888
2020-03-14 21:45:26 INFO  - New car was inserted with a title JMN-888
2020-03-14 21:45:44 INFO  - New car was inserted with a title KMN-888
2020-03-14 21:47:43 INFO  - New car was inserted with a title KMN-888
2020-03-14 21:48:15 INFO  - New car was inserted with a title ZMN-888
2020-03-14 21:48:58 INFO  - New car was inserted with a title ZMN-888
2020-03-14 21:49:27 INFO  - New car was inserted with a title ZMN-888
2020-03-14 21:50:02 INFO  - New car was inserted with a title ZMN-888
2020-03-14 21:50:24 INFO  - New car was inserted with a title OMN-888
2020-03-14 21:51:08 INFO  - New car was inserted with a title OMN-888
2020-03-14 21:51:24 INFO  - New car was inserted with a title HMN-888
2020-03-14 21:51:34 INFO  - New car was inserted with a title HMN-888
2020-03-14 21:54:06 INFO  - New car was inserted with a title HMN-888
2020-03-14 21:54:39 INFO  - New car was inserted with a title HMN-888
2020-03-14 21:55:14 INFO  - New car was inserted with a title PMN-888
2020-03-16 16:33:30 INFO  - New car was inserted with a title PMN-888
2020-03-16 16:34:10 INFO  - New car was inserted with a title PMN-888
2020-03-16 16:35:50 INFO  - New car was inserted with a title PMN-888
2020-03-16 16:37:03 INFO  - New car was inserted with a title PMN-888
2020-03-16 16:39:11 INFO  - New car was inserted with a title PMN-888
2020-03-16 16:49:14 INFO  - New car was inserted with a title PMN-888
2020-03-16 16:50:15 INFO  - New car was inserted with a title PMN-888
2020-03-16 18:00:00 INFO  - New car was inserted with a title PMN-888
2020-03-16 18:00:15 INFO  - New car was inserted with a title PKN-888
2020-03-16 18:01:36 INFO  - New car was inserted with a title PKN-888
2020-03-16 18:03:06 INFO  - New car was inserted with a title PKN-888
2020-03-16 18:03:55 INFO  - New car was inserted with a title PKJ-888
2020-03-18 17:01:07 ERROR - Invalid title format was used
2020-03-18 17:32:48 ERROR - Invalid title format was used
